C51 COMPILER V9.60.0.0   LCD                                                               11/16/2022 12:00:00 PAGE 1   


C51 COMPILER V9.60.0.0, COMPILATION OF MODULE LCD
OBJECT MODULE PLACED IN lcd.OBJ
COMPILER INVOKED BY: C:\Keil_v5\C51\BIN\C51.EXE lcd.c OPTIMIZE(8,SPEED) BROWSE DEBUG OBJECTEXTEND

line level    source

   1          #include "lcd.h"
   2          
   3          /*******************************************************************************
   4          * 函 数 名         : Lcd1602_Delay1ms
   5          * 函数功能                 : 延时函数，延时1ms
   6          * 输    入         : c
   7          * 输    出         : 无
   8          * 说    名         : 该函数是在12MHZ晶振下，12分频单片机的延时。
   9          *******************************************************************************/
  10          void LCD_pos(uchar x,uchar y)
  11          {
  12   1              uchar pos;
  13   1        if(x==0)x=0x80;
  14   1        else if(x==1)x=0x90;
  15   1              else if(x==2)x=0x88;
  16   1              else if(x==3)x=0x98;
  17   1              pos=x+y;
  18   1              LcdWriteCom(pos);
  19   1      }
  20          
  21          void Lcd1602_Delay1ms(uint c)   //误差 0us
  22          {
  23   1          uchar a,b;
  24   1              for (; c>0; c--)
  25   1              {
  26   2                       for (b=199;b>0;b--)
  27   2                       {
  28   3                              for(a=1;a>0;a--);
  29   3                       }      
  30   2              }
  31   1              
  32   1      }
  33          
  34          /*******************************************************************************
  35          * 函 数 名         : LcdWriteCom
  36          * 函数功能                 : 向LCD写入一个字节的命令
  37          * 输    入         : com
  38          * 输    出         : 无
  39          *******************************************************************************/
  40          #ifndef         LCD1602_4PINS    //当没有定义这个LCD1602_4PINS时
  41          void LcdWriteCom(uchar com)       //写入命令
  42          {
  43   1              LCD1602_E = 0;     //使能
  44   1              LCD1602_RS = 0;    //选择发送命令
  45   1              LCD1602_RW = 0;    //选择写入
  46   1              
  47   1              LCD1602_DATAPINS = com;     //放入命令
  48   1              Lcd1602_Delay1ms(1);            //等待数据稳定
  49   1      
  50   1              LCD1602_E = 1;            //写入时序
  51   1              Lcd1602_Delay1ms(5);      //保持时间
  52   1              LCD1602_E = 0;
  53   1      }
  54          #else 
              void LcdWriteCom(uchar com)       //写入命令
C51 COMPILER V9.60.0.0   LCD                                                               11/16/2022 12:00:00 PAGE 2   

              {
                      LCD1602_E = 0;   //使能清零
                      LCD1602_RS = 0;  //选择写入命令
                      LCD1602_RW = 0;  //选择写入
              
                      LCD1602_DATAPINS = com; //由于4位的接线是接到P0口的高四位，所以传送高四位不用改
                      Lcd1602_Delay1ms(1);
              
                      LCD1602_E = 1;   //写入时序
                      Lcd1602_Delay1ms(5);
                      LCD1602_E = 0;
              
                      LCD1602_DATAPINS = com << 4; //发送低四位
                      Lcd1602_Delay1ms(1);
              
                      LCD1602_E = 1;   //写入时序
                      Lcd1602_Delay1ms(5);
                      LCD1602_E = 0;
              }
              #endif
  76          /*******************************************************************************
  77          * 函 数 名         : LcdWriteData
  78          * 函数功能                 : 向LCD写入一个字节的数据
  79          * 输    入         : dat
  80          * 输    出         : 无
  81          *******************************************************************************/                   
  82          #ifndef         LCD1602_4PINS              
  83          void LcdWriteData(uchar dat)                    //写入数据
  84          {
  85   1              LCD1602_E = 0;  //使能清零
  86   1              LCD1602_RS = 1; //选择输入数据
  87   1              LCD1602_RW = 0; //选择写入
  88   1      
  89   1              LCD1602_DATAPINS = dat; //写入数据
  90   1              Lcd1602_Delay1ms(1);
  91   1      
  92   1              LCD1602_E = 1;   //写入时序
  93   1              Lcd1602_Delay1ms(5);   //保持时间
  94   1              LCD1602_E = 0;
  95   1      }
  96          #else
              void LcdWriteData(uchar dat)                    //写入数据
              {
                      LCD1602_E = 0;    //使能清零
                      LCD1602_RS = 1;   //选择写入数据
                      LCD1602_RW = 0;   //选择写入
              
                      LCD1602_DATAPINS = dat; //由于4位的接线是接到P0口的高四位，所以传送高四位不用改
                      Lcd1602_Delay1ms(1);
              
                      LCD1602_E = 1;    //写入时序
                      Lcd1602_Delay1ms(5);
                      LCD1602_E = 0;
              
                      LCD1602_DATAPINS = dat << 4; //写入低四位
                      Lcd1602_Delay1ms(1);
              
                      LCD1602_E = 1;    //写入时序
                      Lcd1602_Delay1ms(5);
                      LCD1602_E = 0;
              }
              #endif
C51 COMPILER V9.60.0.0   LCD                                                               11/16/2022 12:00:00 PAGE 3   

 118          /*******************************************************************************
 119          * 函 数 名       : LcdInit()
 120          * 函数功能               : 初始化LCD屏
 121          * 输    入       : 无
 122          * 输    出       : 无
 123          *******************************************************************************/                   
 124          #ifndef         LCD1602_4PINS
 125          void LcdInit()                                            //LCD初始化子程序
 126          {
 127   1              LcdWriteCom(0x38);  //开显示
 128   1              LcdWriteCom(0x0c);  //开显示不显示光标
 129   1              LcdWriteCom(0x06);  //写一个指针加1
 130   1              LcdWriteCom(0x01);  //清屏
 131   1              LcdWriteCom(0x80);  //设置数据指针起点
 132   1      }
 133          #else
              void LcdInit()                                            //LCD初始化子程序
              {
                      LcdWriteCom(0x32);       //将8位总线转为4位总线
                      LcdWriteCom(0x28);       //在四位线下的初始化
                      LcdWriteCom(0x0c);  //开显示不显示光标
                      LcdWriteCom(0x06);  //写一个指针加1
                      LcdWriteCom(0x01);  //清屏
                      LcdWriteCom(0x80);  //设置数据指针起点
              }
              #endif


MODULE INFORMATION:   STATIC OVERLAYABLE
   CODE SIZE        =    153    ----
   CONSTANT SIZE    =   ----    ----
   XDATA SIZE       =   ----    ----
   PDATA SIZE       =   ----    ----
   DATA SIZE        =   ----    ----
   IDATA SIZE       =   ----    ----
   BIT SIZE         =   ----    ----
END OF MODULE INFORMATION.


C51 COMPILATION COMPLETE.  0 WARNING(S),  0 ERROR(S)
