C51 COMPILER V9.60.0.0   ZDINIT                                                            11/13/2022 12:00:04 PAGE 1   


C51 COMPILER V9.60.0.0, COMPILATION OF MODULE ZDINIT
OBJECT MODULE PLACED IN zdinit.OBJ
COMPILER INVOKED BY: C:\Keil_v5\C51\BIN\C51.EXE zdinit.c OPTIMIZE(8,SPEED) BROWSE INCDIR(.\四路采集串口显示) DEBUG OBJEC
                    -TEXTEND

line level    source

   1          #include "reg52.h"
   2          #include"zdinit.h"
   3          
   4          /*******************************************************************************
   5          * 函 数 名         : Timer1Init
   6          * 函数功能                 : 定时器1初始化
   7          * 输    入         : 无
   8          * 输    出         : 无
   9          *******************************************************************************/
  10          
  11          //void key1Init()
  12          //{
  13          ////设置 INT0
  14          //  IT1=1;//跳变沿出发方式（下降沿）
  15          //  EX1=1;//打开 INT0 的中断允许。
  16          //      EA=1;//打开总中断                       
  17          //}
  18          
  19          void keyInit()
  20          {
  21   1      //设置 INT0
  22   1        IT0=1;//跳变沿出发方式（下降沿）
  23   1        EX0=1;//打开 INT0 的中断允许。
  24   1              EA=1;//打开总中断                       
  25   1      }
  26          
  27          
  28          void delayus(int n)
  29          {
  30   1              while(n--);
  31   1      }


MODULE INFORMATION:   STATIC OVERLAYABLE
   CODE SIZE        =     18    ----
   CONSTANT SIZE    =   ----    ----
   XDATA SIZE       =   ----    ----
   PDATA SIZE       =   ----    ----
   DATA SIZE        =   ----    ----
   IDATA SIZE       =   ----    ----
   BIT SIZE         =   ----    ----
END OF MODULE INFORMATION.


C51 COMPILATION COMPLETE.  0 WARNING(S),  0 ERROR(S)
